--- Copying files at Fri Oct 25 14:53:05 UTC 2019
INSTALLED plugins/workflow-job.jpi : 2.35
INSTALLED plugins/pipeline-graph-analysis.jpi : 1.10
INSTALLED plugins/docker-workflow.jpi : 1.21
INSTALLED plugins/git.jpi : 3.12.1
INSTALLED plugins/docker-commons.jpi : 1.15
INSTALLED plugins/antisamy-markup-formatter.jpi : 1.6
INSTALLED plugins/pipeline-model-extensions.jpi : 1.3.9
INSTALLED plugins/blueocean-personalization.jpi : 1.19.0
INSTALLED plugins/blueocean-bitbucket-pipeline.jpi : 1.19.0
INSTALLED plugins/workflow-step-api.jpi : 2.20
INSTALLED plugins/github-api.jpi : 1.95
INSTALLED plugins/blueocean-pipeline-scm-api.jpi : 1.19.0
INSTALLED plugins/pipeline-build-step.jpi : 2.9
INSTALLED plugins/sse-gateway.jpi : 1.20
INSTALLED plugins/blueocean-dashboard.jpi : 1.19.0
INSTALLED plugins/structs.jpi : 1.20
INSTALLED plugins/htmlpublisher.jpi : 1.21
INSTALLED plugins/blueocean-autofavorite.jpi : 1.2.4
INSTALLED plugins/apache-httpcomponents-client-4-api.jpi : 4.5.10-2.0
INSTALLED plugins/durable-task.jpi : 1.31
INSTALLED plugins/blueocean.jpi : 1.19.0
INSTALLED plugins/blueocean-git-pipeline.jpi : 1.19.0
INSTALLED plugins/workflow-multibranch.jpi : 2.21
INSTALLED plugins/blueocean-rest-impl.jpi : 1.19.0
INSTALLED plugins/token-macro.jpi : 2.10
INSTALLED plugins/cloudbees-bitbucket-branch-source.jpi : 2.5.0
INSTALLED plugins/blueocean-jwt.jpi : 1.19.0
INSTALLED plugins/jquery-detached.jpi : 1.2.1
INSTALLED plugins/workflow-support.jpi : 3.3
INSTALLED plugins/jackson2-api.jpi : 2.10.0
INSTALLED plugins/ssh-credentials.jpi : 1.18
INSTALLED plugins/blueocean-config.jpi : 1.19.0
INSTALLED plugins/ace-editor.jpi : 1.1
INSTALLED plugins/mailer.jpi : 1.29
INSTALLED plugins/git-server.jpi : 1.8
INSTALLED plugins/pipeline-model-definition.jpi : 1.3.9
INSTALLED plugins/blueocean-i18n.jpi : 1.19.0
INSTALLED plugins/scm-api.jpi : 2.6.3
INSTALLED plugins/authentication-tokens.jpi : 1.3
INSTALLED plugins/cloudbees-folder.jpi : 6.9
INSTALLED plugins/github-branch-source.jpi : 2.5.8
INSTALLED plugins/junit.jpi : 1.28
INSTALLED plugins/workflow-cps-global-lib.jpi : 2.15
INSTALLED plugins/script-security.jpi : 1.66
INSTALLED plugins/jira.jpi : 3.0.10
INSTALLED plugins/blueocean-web.jpi : 1.19.0
INSTALLED plugins/credentials-binding.jpi : 1.20
INSTALLED plugins/pipeline-model-declarative-agent.jpi : 1.1.1
INSTALLED plugins/blueocean-commons.jpi : 1.19.0
INSTALLED plugins/branch-api.jpi : 2.5.4
INSTALLED plugins/variant.jpi : 1.3
INSTALLED plugins/plain-credentials.jpi : 1.5
INSTALLED plugins/blueocean-pipeline-api-impl.jpi : 1.19.0
INSTALLED plugins/pipeline-milestone-step.jpi : 1.3.1
INSTALLED plugins/pubsub-light.jpi : 1.13
INSTALLED plugins/workflow-cps.jpi : 2.74
INSTALLED plugins/display-url-api.jpi : 2.3.2
INSTALLED plugins/blueocean-display-url.jpi : 2.3.0
INSTALLED plugins/git-client.jpi : 2.9.0
INSTALLED plugins/blueocean-jira.jpi : 1.19.0
INSTALLED plugins/workflow-api.jpi : 2.37
INSTALLED plugins/pipeline-stage-tags-metadata.jpi : 1.3.9
INSTALLED plugins/matrix-auth.jpi : 2.5
INSTALLED plugins/favorite.jpi : 2.3.2
INSTALLED plugins/workflow-scm-step.jpi : 2.9
INSTALLED plugins/mercurial.jpi : 2.8
INSTALLED plugins/credentials.jpi : 2.3.0
INSTALLED plugins/workflow-basic-steps.jpi : 2.18
INSTALLED plugins/blueocean-rest.jpi : 1.19.0
INSTALLED plugins/matrix-project.jpi : 1.14
INSTALLED plugins/pipeline-stage-step.jpi : 2.3
INSTALLED plugins/pipeline-input-step.jpi : 2.11
INSTALLED plugins/jenkins-design-language.jpi : 1.19.0
INSTALLED plugins/blueocean-events.jpi : 1.19.0
INSTALLED plugins/pipeline-model-api.jpi : 1.3.9
INSTALLED plugins/github.jpi : 1.29.5
INSTALLED plugins/jsch.jpi : 0.1.55.1
INSTALLED plugins/blueocean-core-js.jpi : 1.19.0
INSTALLED plugins/workflow-durable-task-step.jpi : 2.34
INSTALLED plugins/handy-uri-templates-2-api.jpi : 2.1.8-1.0
INSTALLED plugins/blueocean-github-pipeline.jpi : 1.19.0
INSTALLED plugins/trilead-api.jpi : 1.0.5
INSTALLED plugins/blueocean-pipeline-editor.jpi : 1.19.0
--- Copying files at Fri Oct 25 14:59:19 UTC 2019
--- Copying files at Fri Oct 25 15:00:45 UTC 2019
--- Copying files at Fri Oct 25 15:15:53 UTC 2019
--- Copying files at Fri Oct 25 15:19:06 UTC 2019
--- Copying files at Fri Oct 25 15:33:20 UTC 2019
--- Copying files at Fri Oct 25 15:37:01 UTC 2019
--- Copying files at Fri Oct 25 15:46:25 UTC 2019
